\BOOKMARK [0][-]{chapter.1}{\376\377\000B\000a\000c\000k\000g\000r\000o\000u\000n\000d}{}% 1
\BOOKMARK [1][-]{section.1.1}{\376\377\000T\000h\000e\000r\000m\000o\000d\000y\000n\000a\000m\000i\000c\000\040\000B\000a\000s\000i\000c\000s\000\040\000F\000l\000o\000e\000r\000c\000h\000i\000n\000g\000e\000r\0002\0000\0001\0006}{chapter.1}% 2
\BOOKMARK [1][-]{section.1.2}{\376\377\000F\000l\000u\000i\000d\000\040\000D\000y\000n\000a\000m\000i\000c\000\040\000A\000p\000p\000r\000o\000a\000c\000h}{chapter.1}% 3
\BOOKMARK [2][-]{subsection.1.2.1}{\376\377\000C\000o\000v\000a\000r\000i\000a\000n\000t\000\040\000T\000h\000e\000r\000m\000o\000d\000y\000n\000a\000m\000i\000c\000s\000\040\000a\000n\000d\000\040\000E\000n\000t\000r\000o\000p\000y\000\040\000P\000r\000o\000d\000u\000c\000t\000i\000o\000n}{section.1.2}% 4
\BOOKMARK [2][-]{subsection.1.2.2}{\376\377\000D\000e\000r\000i\000v\000a\000t\000i\000v\000e\000\040\000E\000x\000p\000a\000n\000s\000i\000o\000n\000\040\000o\000f\000\040\000h\000y\000d\000r\000o\000d\000y\000n\000a\000m\000i\000c\000s\000\040\000K\000o\000v\000t\000u\000n\0002\0000\0001\0002}{section.1.2}% 5
\BOOKMARK [1][-]{section.1.3}{\376\377\000H\000e\000a\000v\000y\000\040\000I\000o\000n\000\040\000C\000o\000l\000l\000i\000s\000i\000o\000n\000s}{chapter.1}% 6
\BOOKMARK [2][-]{subsection.1.3.1}{\376\377\000M\000i\000l\000n\000e\000\040\000C\000o\000o\000r\000d\000i\000n\000a\000t\000e\000s\000\040\000J\000a\000i\000s\000w\000a\000l\000K\000o\000c\000h\0002\0000\0001\0005}{section.1.3}% 7
\BOOKMARK [2][-]{subsection.1.3.2}{\376\377\000B\000j\000o\000r\000k\000e\000n\000\040\000M\000o\000d\000e\000l\000\040\000O\000l\000l\000i\000t\000r\000a\000u\000l\000t\0002\0000\0000\0008}{section.1.3}% 8
\BOOKMARK [2][-]{subsection.1.3.3}{\376\377\000B\000l\000a\000s\000t\000\040\000W\000a\000v\000e\000\040\000M\000o\000d\000e\000l}{section.1.3}% 9
\BOOKMARK [2][-]{subsection.1.3.4}{\376\377\000F\000r\000e\000e\000z\000o\000u\000t\000\040\000D\000e\000v\000e\000t\000a\000k\000E\000t\000A\000l\0002\0000\0002\0000}{section.1.3}% 10
\BOOKMARK [1][-]{section.1.4}{\376\377\000B\000o\000s\000e\000-\000E\000i\000n\000s\000t\000e\000i\000n\000\040\000C\000o\000n\000d\000e\000n\000s\000a\000t\000i\000o\000n}{chapter.1}% 11
\BOOKMARK [2][-]{subsection.1.4.1}{\376\377\000R\000e\000l\000a\000t\000i\000v\000i\000s\000t\000i\000c\000\040\000B\000o\000s\000e\000-\000E\000i\000n\000s\000t\000e\000i\000n\000\040\000S\000t\000a\000t\000i\000s\000t\000i\000c\000s}{section.1.4}% 12
\BOOKMARK [1][-]{section.1.5}{\376\377\000P\000a\000r\000t\000i\000c\000l\000e\000\040\000P\000h\000y\000s\000i\000c\000s\000\040\000a\000n\000d\000\040\000G\000r\000o\000u\000p\000\040\000T\000h\000e\000o\000r\000y}{chapter.1}% 13
\BOOKMARK [2][-]{subsection.1.5.1}{\376\377\000I\000s\000o\000s\000p\000i\000n}{section.1.5}% 14
\BOOKMARK [2][-]{subsection.1.5.2}{\376\377\000R\000e\000p\000r\000e\000s\000e\000n\000t\000a\000t\000i\000o\000n\000s\000\040\000o\000f\000\040\000S\000U\000\050\0003\000\051}{section.1.5}% 15
\BOOKMARK [2][-]{subsection.1.5.3}{\376\377\000F\000r\000o\000m\000\040\000a\000\040\000F\000i\000e\000l\000d\000\040\000T\000h\000e\000o\000r\000y\000\040\000P\000e\000r\000s\000p\000e\000c\000t\000i\000v\000e}{section.1.5}% 16
\BOOKMARK [1][-]{section.1.6}{\376\377\000C\000h\000i\000r\000a\000l\000\040\000S\000y\000m\000m\000e\000t\000r\000y}{chapter.1}% 17
\BOOKMARK [2][-]{subsection.1.6.1}{\376\377\000U\000n\000e\000q\000u\000a\000l\000\040\000F\000l\000a\000v\000o\000r\000\040\000M\000a\000s\000s\000e\000s}{section.1.6}% 18
\BOOKMARK [2][-]{subsection.1.6.2}{\376\377\000Q\000u\000a\000r\000k\000\040\000C\000o\000n\000d\000e\000n\000s\000a\000t\000e}{section.1.6}% 19
\BOOKMARK [1][-]{section.1.7}{\376\377\000L\000i\000n\000e\000a\000r\000\040\000R\000e\000s\000p\000o\000n\000s\000e\000\040\000T\000h\000e\000o\000r\000y}{chapter.1}% 20
\BOOKMARK [0][-]{chapter.2}{\376\377\000C\000a\000l\000c\000u\000l\000a\000t\000i\000o\000n\000\040\000o\000f\000\040\000C\000o\000n\000d\000e\000n\000s\000e\000d\000\040\000F\000i\000e\000l\000d}{}% 21
\BOOKMARK [1][-]{section.2.1}{\376\377\000R\000e\000l\000a\000t\000i\000n\000g\000\040\000F\000l\000u\000i\000d\000\040\000a\000n\000d\000\040\000P\000i\000o\000n\000\040\000F\000i\000e\000l\000d\000s}{chapter.2}% 22
\BOOKMARK [2][-]{subsection.2.1.1}{\376\377\000C\000o\000n\000s\000e\000r\000v\000e\000d\000\040\000C\000u\000r\000r\000e\000n\000t\000s\000\040\000f\000r\000o\000m\000\040\000C\000h\000i\000r\000a\000l\000\040\000S\000y\000m\000m\000e\000t\000r\000y}{section.2.1}% 23
\BOOKMARK [2][-]{subsection.2.1.2}{\376\377\000E\000x\000p\000a\000n\000d\000i\000n\000g\000\040\000a\000r\000o\000u\000n\000d\000\040\000M\000i\000n\000i\000m\000u\000m\000\040\000o\000f\000\040\000L\000i\000n\000e\000a\000r\000\040\000-\000m\000o\000d\000e\000l}{section.2.1}% 24
\BOOKMARK [1][-]{section.2.2}{\376\377\000F\000i\000n\000d\000i\000n\000g\000\040\000t\000h\000e\000\040\000S\000p\000e\000c\000t\000r\000u\000m\000\040\000a\000t\000\040\000t\000h\000e\000\040\000D\000e\000t\000e\000c\000t\000o\000r\000\040\000S\000u\000r\000f\000a\000c\000e}{chapter.2}% 25
\BOOKMARK [2][-]{subsection.2.2.1}{\376\377\000T\000r\000e\000a\000t\000i\000n\000g\000\040\000t\000h\000e\000\040\000F\000r\000e\000e\000z\000e\000\040\000O\000u\000t\000\040\000F\000i\000e\000l\000d\000\040\000a\000s\000\040\000S\000o\000u\000r\000c\000e\000\040\000T\000e\000r\000m\000?\000?\000?}{section.2.2}% 26
\BOOKMARK [2][-]{subsection.2.2.2}{\376\377\000C\000o\000n\000v\000e\000r\000t\000i\000n\000g\000\040\000S\000p\000e\000c\000t\000r\000a\000\040\000b\000e\000t\000w\000e\000e\000n\000\040\000C\000o\000o\000r\000d\000i\000n\000a\000t\000e\000\040\000S\000y\000s\000t\000e\000m\000s}{section.2.2}% 27
\BOOKMARK [2][-]{subsection.2.2.3}{\376\377\000F\000o\000u\000r\000i\000e\000r\000\040\000D\000e\000c\000o\000m\000p\000o\000s\000i\000t\000i\000o\000n\000\040\000o\000n\000\040\000F\000r\000e\000e\000z\000e\000\040\000O\000u\000t\000\040\000S\000u\000r\000f\000a\000c\000e\000?\000?\000?}{section.2.2}% 28
\BOOKMARK [2][-]{subsection.2.2.4}{\376\377\000P\000r\000o\000p\000e\000r\000l\000y\000\040\000C\000o\000n\000s\000i\000d\000e\000r\000i\000n\000g\000\040\000a\000l\000l\000\040\000I\000n\000i\000t\000i\000a\000l\000\040\000C\000o\000n\000d\000i\000t\000i\000o\000n\000s}{section.2.2}% 29
