\BOOKMARK [0][-]{chapter.1}{\376\377\000I\000n\000t\000r\000o\000d\000u\000c\000t\000i\000o\000n}{}% 1
\BOOKMARK [1][-]{section.1.1}{\376\377\000C\000o\000n\000v\000e\000n\000t\000i\000o\000n\000s}{chapter.1}% 2
\BOOKMARK [0][-]{chapter.2}{\376\377\000F\000l\000u\000i\000d\000\040\000P\000i\000c\000t\000u\000r\000e\000\040\000i\000n\000\040\000H\000e\000a\000v\000y\000\040\000I\000o\000n\000\040\000C\000o\000l\000l\000i\000s\000i\000o\000n\000s}{}% 3
\BOOKMARK [1][-]{section.2.1}{\376\377\000B\000j\000o\000r\000k\000e\000n\000\040\000M\000o\000d\000e\000l}{chapter.2}% 4
\BOOKMARK [1][-]{section.2.2}{\376\377\000C\000o\000n\000v\000e\000r\000t\000i\000n\000g\000\040\000S\000p\000e\000c\000t\000r\000a\000\040\000b\000e\000t\000w\000e\000e\000n\000\040\000C\000o\000o\000r\000d\000i\000n\000a\000t\000e\000\040\000S\000y\000s\000t\000e\000m\000s}{chapter.2}% 5
\BOOKMARK [1][-]{section.2.3}{\376\377\000F\000u\000n\000d\000a\000m\000e\000n\000t\000a\000l\000s\000\040\000o\000f\000\040\000R\000e\000l\000a\000t\000i\000v\000i\000s\000t\000i\000c\000\040\000F\000l\000u\000i\000d\000\040\000D\000y\000n\000a\000m\000i\000c\000s}{chapter.2}% 6
\BOOKMARK [2][-]{subsection.2.3.1}{\376\377\000F\000l\000u\000i\000d\000b\000o\000l\000d\0000\000m\000u\000\040\000m\000u\000m\000u\000\040\000u\000u\000d\000o\000t\000t\000e\000d\000u\000u\000u\000u\000M}{section.2.3}% 7
\BOOKMARK [2][-]{subsection.2.3.2}{\376\377\000B\000l\000a\000s\000t\000\040\000W\000a\000v\000e\000\040\000M\000o\000d\000e\000l\000\040\000\046\000\040\000C\000o\000o\000p\000e\000r\000-\000F\000r\000y\000e\000\040\000F\000r\000e\000e\000z\000e\000o\000u\000t}{section.2.3}% 8
\BOOKMARK [0][-]{chapter.3}{\376\377\000P\000a\000r\000t\000i\000c\000l\000e\000\040\000P\000h\000y\000s\000i\000c\000s\000\040\000B\000a\000c\000k\000g\000r\000o\000u\000n\000d}{}% 9
\BOOKMARK [1][-]{section.3.1}{\376\377\000B\000o\000u\000n\000d\000\040\000S\000t\000a\000t\000e\000s\000\040\000o\000f\000\040\000Q\000u\000a\000r\000k\000s\000\040\000a\000n\000d\000\040\000A\000n\000t\000i\000q\000u\000a\000r\000k\000s}{chapter.3}% 10
\BOOKMARK [1][-]{section.3.2}{\376\377\000Q\000C\000D\000\040\000a\000n\000d\000\040\000E\000f\000f\000e\000c\000t\000i\000v\000e\000\040\000T\000h\000e\000o\000r\000i\000e\000s}{chapter.3}% 11
\BOOKMARK [1][-]{section.3.3}{\376\377\000Q\000u\000a\000r\000k\000\040\000M\000a\000t\000r\000i\000x}{chapter.3}% 12
\BOOKMARK [1][-]{section.3.4}{\376\377\000C\000o\000n\000s\000e\000r\000v\000e\000d\000\040\000C\000u\000r\000r\000e\000n\000t\000s\000\040\000f\000r\000o\000m\000\040\000C\000h\000i\000r\000a\000l\000\040\000S\000y\000m\000m\000e\000t\000r\000i\000e\000s}{chapter.3}% 13
\BOOKMARK [1][-]{section.3.5}{\376\377\000L\000i\000n\000e\000a\000r\000\040\000-\000M\000o\000d\000e\000l}{chapter.3}% 14
\BOOKMARK [0][-]{chapter.4}{\376\377\000P\000a\000r\000t\000i\000c\000l\000e\000\040\000S\000p\000e\000c\000t\000r\000a\000\040\000f\000r\000o\000m\000\040\000C\000l\000a\000s\000s\000i\000c\000a\000l\000\040\000S\000o\000u\000r\000c\000e}{}% 15
\BOOKMARK [1][-]{section.4.1}{\376\377\000C\000a\000n\000o\000n\000i\000c\000a\000l\000\040\000Q\000u\000a\000n\000t\000i\000z\000a\000t\000i\000o\000n}{chapter.4}% 16
\BOOKMARK [2][-]{subsection.4.1.1}{\376\377\000R\000e\000a\000l\000\040\000S\000c\000a\000l\000a\000r\000\040\000F\000i\000e\000l\000d}{section.4.1}% 17
\BOOKMARK [2][-]{subsection.4.1.2}{\376\377\000C\000o\000m\000p\000l\000e\000x\000\040\000S\000c\000a\000l\000a\000r\000\040\000F\000i\000e\000l\000d}{section.4.1}% 18
\BOOKMARK [1][-]{section.4.2}{\376\377\000P\000a\000r\000t\000i\000c\000l\000e\000\040\000S\000p\000e\000c\000t\000r\000a\000\040\000f\000r\000o\000m\000\040\000C\000l\000a\000s\000s\000i\000c\000a\000l\000\040\000S\000o\000u\000r\000c\000e\000s}{chapter.4}% 19
\BOOKMARK [2][-]{subsection.4.2.1}{\376\377\000R\000e\000a\000l\000\040\000S\000c\000a\000l\000a\000r\000\040\000F\000i\000e\000l\000d}{section.4.2}% 20
\BOOKMARK [2][-]{subsection.4.2.2}{\376\377\000C\000o\000m\000p\000l\000e\000x\000\040\000S\000c\000a\000l\000a\000r\000\040\000F\000i\000e\000l\000d}{section.4.2}% 21
\BOOKMARK [2][-]{subsection.4.2.3}{\376\377\000E\000x\000t\000r\000a\000c\000t\000i\000n\000g\000\040\000t\000h\000e\000\040\000S\000o\000u\000r\000c\000e\000\040\000f\000r\000o\000m\000\040\000t\000h\000e\000\040\000L\000a\000t\000e\000\040\000T\000i\000m\000e\000\040\000F\000i\000e\000l\000d}{section.4.2}% 22
\BOOKMARK [2][-]{subsection.4.2.4}{\376\377\000R\000e\000l\000a\000t\000i\000o\000n\000\040\000t\000o\000\040\000C\000o\000h\000e\000r\000e\000n\000t\000\040\000S\000t\000a\000t\000e\000\040\000F\000o\000r\000m\000a\000l\000i\000s\000m}{section.4.2}% 23
\BOOKMARK [0][-]{chapter.5}{\376\377\000C\000o\000n\000d\000e\000n\000s\000a\000t\000e\000\040\000S\000p\000e\000c\000t\000r\000u\000m\000\040\000o\000n\000\040\000t\000h\000e\000\040\000F\000r\000e\000e\000z\000e\000o\000u\000t\000\040\000S\000u\000r\000f\000a\000c\000e}{}% 24
\BOOKMARK [1][-]{section.5.1}{\376\377\000I\000n\000v\000a\000r\000i\000a\000n\000c\000e\000\040\000o\000f\000\040\000F\000o\000u\000r\000i\000e\000r\000\040\000T\000r\000a\000n\000s\000f\000o\000r\000m\000\040\000w\000.\000r\000.\000t\000.\000\040\000D\000e\000f\000o\000r\000m\000a\000t\000i\000o\000n\000s\000\040\000o\000f\000\040\000t\000h\000e\000\040\000H\000y\000p\000e\000r\000s\000u\000r\000f\000a\000c\000e}{chapter.5}% 25
\BOOKMARK [1][-]{section.5.2}{\376\377\000M\000e\000t\000r\000i\000c\000\040\000o\000n\000\040\000t\000h\000e\000\040\000F\000r\000e\000e\000z\000e\000o\000u\000t\000\040\000S\000u\000r\000f\000a\000c\000e}{chapter.5}% 26
\BOOKMARK [1][-]{section.5.3}{\376\377\000C\000o\000m\000p\000u\000t\000i\000n\000g\000\040\000t\000h\000e\000\040\000I\000n\000n\000e\000r\000\040\000P\000r\000o\000d\000u\000c\000t}{chapter.5}% 27
\BOOKMARK [1][-]{section.5.4}{\376\377\000M\000o\000d\000e\000l\000s\000\040\000f\000o\000r\000\040\000I\000n\000i\000t\000i\000a\000l\000\040\000D\000a\000t\000a}{chapter.5}% 28
\BOOKMARK [2][-]{subsection.5.4.1}{\376\377\000T\000y\000p\000e\000\040\000A}{section.5.4}% 29
\BOOKMARK [2][-]{subsection.5.4.2}{\376\377\000T\000y\000p\000e\000\040\000B}{section.5.4}% 30
\BOOKMARK [2][-]{subsection.5.4.3}{\376\377\000T\000y\000p\000e\000\040\000C}{section.5.4}% 31
\BOOKMARK [1][-]{section.5.5}{\376\377\000E\000x\000a\000m\000p\000l\000a\000r\000y\000\040\000S\000p\000e\000c\000t\000r\000a}{chapter.5}% 32
\BOOKMARK [2][-]{subsection.5.5.1}{\376\377\000T\000y\000p\000e\000\040\000A\000\040\000-\000\040\000C\000o\000n\000s\000t\000a\000n\000t\000\040\000F\000i\000e\000l\000d\000s}{section.5.5}% 33
\BOOKMARK [2][-]{subsection.5.5.2}{\376\377\000T\000y\000p\000e\000\040\000B\000\040\000-\000\040\000C\000o\000n\000s\000t\000a\000n\000t\000\040\000E\000n\000e\000r\000g\000y\000\040\000D\000e\000n\000s\000i\000t\000y}{section.5.5}% 34
\BOOKMARK [2][-]{subsection.5.5.3}{\376\377\000T\000y\000p\000e\000\040\000C\000\040\000-\000\040\000T\000i\000m\000e\000\040\000D\000e\000p\000e\000n\000d\000e\000n\000t\000\040\000C\000o\000n\000d\000e\000n\000s\000a\000t\000e}{section.5.5}% 35
\BOOKMARK [2][-]{subsection.5.5.4}{\376\377\000O\000b\000s\000e\000r\000v\000a\000t\000i\000o\000n\000s}{section.5.5}% 36
\BOOKMARK [1][-]{section.5.6}{\376\377\000A\000n\000a\000l\000y\000t\000i\000c\000\040\000P\000a\000r\000a\000m\000e\000t\000r\000i\000z\000a\000t\000i\000o\000n\000\040\000o\000f\000\040\000D\000C\000C\000\040\000S\000p\000e\000c\000t\000r\000a}{chapter.5}% 37
\BOOKMARK [0][-]{chapter.6}{\376\377\000R\000e\000s\000o\000n\000a\000n\000c\000e\000\040\000D\000e\000c\000a\000y\000s}{}% 38
\BOOKMARK [1][-]{section.6.1}{\376\377\000D\000e\000c\000a\000y\000\040\000M\000a\000p\000\040\000a\000n\000d\000\040\000E\000n\000e\000r\000g\000y\000\040\000C\000o\000n\000s\000e\000r\000v\000a\000t\000i\000o\000n}{chapter.6}% 39
\BOOKMARK [1][-]{section.6.2}{\376\377\000D\000e\000c\000a\000y\000\040\000S\000p\000e\000c\000t\000r\000a}{chapter.6}% 40
\BOOKMARK [0][-]{chapter.7}{\376\377\000A\000p\000p\000e\000n\000d\000i\000x}{}% 41
\BOOKMARK [1][-]{section.7.1}{\376\377\000R\000e\000p\000r\000e\000s\000e\000n\000t\000a\000t\000i\000o\000n\000\040\000T\000h\000e\000o\000r\000y}{chapter.7}% 42
\BOOKMARK [2][-]{subsection.7.1.1}{\376\377\000S\000U\000\050\0002\000\051}{section.7.1}% 43
\BOOKMARK [2][-]{subsection.7.1.2}{\376\377\000S\000U\000\050\0003\000\051}{section.7.1}% 44
\BOOKMARK [1][-]{section.7.2}{\376\377\000C\000o\000n\000v\000e\000r\000t\000i\000n\000g\000\040\000S\000p\000e\000c\000t\000r\000a\000\040\000B\000e\000t\000w\000e\000e\000n\000\040\000C\000o\000o\000r\000d\000i\000n\000a\000t\000e\000\040\000S\000y\000s\000t\000e\000m\000s}{chapter.7}% 45
\BOOKMARK [1][-]{section.7.3}{\376\377\000L\000i\000n\000e\000a\000r\000\040\000-\000M\000o\000d\000e\000l}{chapter.7}% 46
\BOOKMARK [1][-]{section.7.4}{\376\377\000C\000u\000r\000r\000e\000n\000t\000s\000\040\000f\000r\000o\000m\000\040\000C\000h\000i\000r\000a\000l\000\040\000S\000y\000m\000m\000e\000t\000r\000y}{chapter.7}% 47
\BOOKMARK [1][-]{section.7.5}{\376\377\000C\000a\000n\000o\000n\000i\000c\000a\000l\000\040\000Q\000u\000a\000n\000t\000i\000z\000a\000t\000i\000o\000n}{chapter.7}% 48
\BOOKMARK [2][-]{subsection.7.5.1}{\376\377\000C\000o\000m\000m\000u\000t\000a\000t\000o\000r\000s\000\040\000o\000f\000\040\000a\000,\000\040\000a}{section.7.5}% 49
\BOOKMARK [2][-]{subsection.7.5.2}{\376\377\000H\000a\000m\000i\000l\000t\000o\000n\000i\000a\000n\000\040\000i\000n\000\040\000T\000e\000r\000m\000s\000\040\000o\000f\000\040\000C\000r\000e\000a\000t\000i\000o\000n\000\040\000a\000n\000d\000\040\000A\000n\000n\000i\000h\000i\000l\000a\000t\000i\000o\000n\000\040\000O\000p\000e\000r\000a\000t\000o\000r\000s}{section.7.5}% 50
\BOOKMARK [1][-]{section.7.6}{\376\377\000C\000o\000m\000p\000l\000e\000x\000\040\000A\000n\000n\000i\000h\000i\000l\000a\000t\000i\000o\000n\000\040\000a\000n\000d\000\040\000C\000r\000e\000a\000t\000i\000o\000n\000\040\000O\000p\000e\000r\000a\000t\000o\000r\000s}{chapter.7}% 51
\BOOKMARK [1][-]{section.7.7}{\376\377\000G\000r\000e\000e\000n\000s\000\040\000F\000u\000n\000c\000t\000i\000o\000n\000s\000\040\000o\000f\000\040\000K\000l\000e\000i\000n\000-\000G\000o\000r\000d\000o\000n\000\040\000E\000q\000u\000a\000t\000i\000o\000n}{chapter.7}% 52
\BOOKMARK [1][-]{section.7.8}{\376\377\000G\000a\000u\000\337\000\040\000L\000a\000w\000\040\000i\000n\000\040\000M\000i\000n\000k\000o\000w\000s\000k\000i\000\040\000S\000p\000a\000c\000e}{chapter.7}% 53
\BOOKMARK [1][-]{section.7.9}{\376\377\000R\000e\000s\000o\000n\000a\000n\000c\000e\000\040\000D\000e\000c\000a\000y\000\040\000C\000o\000m\000p\000u\000t\000a\000t\000i\000o\000n}{chapter.7}% 54
